[    1365ms] [INFO] This page is not reloaded @ chrome-extension://loopjjegnlccnhgfehekecpanpmielcj/content-script/contentScript.js:201
[    1673ms] [LOG] DEPRECATED: jquery.autocomplete.js - See https://ecosystem.atlassian.net/browse/AUI-393 @ http://wiki.thaisamut.co.th/s/d41d8cd98f00b204e9800998ecf8427e/en_GB-1988229788/4528/eaa35c45b124c018e6c8bf70a069c3c2f63fd66d.9/5075/_/download/superbatch/js/batch.js:9428
[    1900ms] [LOG] AJS.Confluence: run binder components @ http://wiki.thaisamut.co.th/s/d41d8cd98f00b204e9800998ecf8427e/en_GB-1988229788/4528/eaa35c45b124c018e6c8bf70a069c3c2f63fd66d.9/5075/_/download/superbatch/js/batch.js:9428
[    1925ms] [LOG] confluence-keyboard-shortcuts initialising @ http://wiki.thaisamut.co.th/s/d41d8cd98f00b204e9800998ecf8427e/en_GB-1988229788/4528/eaa35c45b124c018e6c8bf70a069c3c2f63fd66d.9/5075/_/download/superbatch/js/batch.js:9428
[    1956ms] [LOG] Applying doc-theme quick search @ http://wiki.thaisamut.co.th/s/d41d8cd98f00b204e9800998ecf8427e/en_GB-1988229788/4528/eaa35c45b124c018e6c8bf70a069c3c2f63fd66d.9/5075/_/download/superbatch/js/batch.js:9428
[    2028ms] [LOG] Creating iframes @ http://wiki.thaisamut.co.th/s/d41d8cd98f00b204e9800998ecf8427e/en_GB-1988229788/4528/eaa35c45b124c018e6c8bf70a069c3c2f63fd66d.9/1.2/_/download/batch/com.atlassian.mywork.mywork-confluence-host-plugin:mw-header-anchor/com.atlassian.mywork.mywork-confluence-host-plugin:mw-header-anchor.js:45
[    3025ms] [LOG] QuickComment: instigated background loading of the comment editor. @ http://wiki.thaisamut.co.th/s/d41d8cd98f00b204e9800998ecf8427e/en_GB-1988229788/4528/eaa35c45b124c018e6c8bf70a069c3c2f63fd66d.9/5075/_/download/superbatch/js/batch.js:9428
[    3042ms] [LOG] EditorLoader: 1 scripts to be loaded. @ http://wiki.thaisamut.co.th/s/d41d8cd98f00b204e9800998ecf8427e/en_GB-1988229788/4528/eaa35c45b124c018e6c8bf70a069c3c2f63fd66d.9/5075/_/download/superbatch/js/batch.js:9428
[    3082ms] [LOG] EditorLoader: Finished inserting the editor CSS tags. @ http://wiki.thaisamut.co.th/s/d41d8cd98f00b204e9800998ecf8427e/en_GB-1988229788/4528/eaa35c45b124c018e6c8bf70a069c3c2f63fd66d.9/5075/_/download/superbatch/js/batch.js:9428
[    3789ms] [LOG] draft-changes initialising @ http://wiki.thaisamut.co.th/s/d41d8cd98f00b204e9800998ecf8427e/en_GB-1988229788/4528/eaa35c45b124c018e6c8bf70a069c3c2f63fd66d.9/5075/_/download/superbatch/js/batch.js:9428
[    3890ms] [LOG] tinymce.documentBaseURL = http://wiki.thaisamut.co.th/s/d41d8cd98f00b204e9800998ecf8427e/en_GB-1988229788/4528/eaa35c45b124c018e6c8bf70a069c3c2f63fd66d.9/947e28e72d498dff8eb75f787dd3b666/_/download/resources/com.atlassian.plugins.editor/tinymcesource @ http://wiki.thaisamut.co.th/s/d41d8cd98f00b204e9800998ecf8427e/en_GB-1988229788/4528/eaa35c45b124c018e6c8bf70a069c3c2f63fd66d.9/5075/_/download/superbatch/js/batch.js:9428
[    3934ms] [LOG] Creating AJS.Rte.BootstrapManager object. @ http://wiki.thaisamut.co.th/s/d41d8cd98f00b204e9800998ecf8427e/en_GB-1988229788/4528/eaa35c45b124c018e6c8bf70a069c3c2f63fd66d.9/5075/_/download/superbatch/js/batch.js:9428
[    3934ms] [LOG] AJS.Rte.BootstrapManager created @ http://wiki.thaisamut.co.th/s/d41d8cd98f00b204e9800998ecf8427e/en_GB-1988229788/4528/eaa35c45b124c018e6c8bf70a069c3c2f63fd66d.9/5075/_/download/superbatch/js/batch.js:9428
[    3937ms] [LOG] TinyMceAdapter: initTinyMce @ http://wiki.thaisamut.co.th/s/d41d8cd98f00b204e9800998ecf8427e/en_GB-1988229788/4528/eaa35c45b124c018e6c8bf70a069c3c2f63fd66d.9/5075/_/download/superbatch/js/batch.js:9428
[    3970ms] [LOG] TinyMceAdapter: auto-start meta data was not set. Default to false. @ http://wiki.thaisamut.co.th/s/d41d8cd98f00b204e9800998ecf8427e/en_GB-1988229788/4528/eaa35c45b124c018e6c8bf70a069c3c2f63fd66d.9/5075/_/download/superbatch/js/batch.js:9428
[    3985ms] [LOG] TinyMceAdapter: Pre-initialisation complete. auto-start=false. You can now call AJS.Rte.BootstrapManager.initialise() to activate TinyMce. @ http://wiki.thaisamut.co.th/s/d41d8cd98f00b204e9800998ecf8427e/en_GB-1988229788/4528/eaa35c45b124c018e6c8bf70a069c3c2f63fd66d.9/5075/_/download/superbatch/js/batch.js:9428
[    3987ms] [LOG] tinyMce-autocomplete-settings initialising @ http://wiki.thaisamut.co.th/s/d41d8cd98f00b204e9800998ecf8427e/en_GB-1988229788/4528/eaa35c45b124c018e6c8bf70a069c3c2f63fd66d.9/5075/_/download/superbatch/js/batch.js:9428
[    3987ms] [LOG] tinyMce-autocomplete-util starting @ http://wiki.thaisamut.co.th/s/d41d8cd98f00b204e9800998ecf8427e/en_GB-1988229788/4528/eaa35c45b124c018e6c8bf70a069c3c2f63fd66d.9/5075/_/download/superbatch/js/batch.js:9428
[    3987ms] [LOG] tinyMce-autocomplete-control starting @ http://wiki.thaisamut.co.th/s/d41d8cd98f00b204e9800998ecf8427e/en_GB-1988229788/4528/eaa35c45b124c018e6c8bf70a069c3c2f63fd66d.9/5075/_/download/superbatch/js/batch.js:9428
[    3988ms] [LOG] tinyMce-autocomplete-manager starting @ http://wiki.thaisamut.co.th/s/d41d8cd98f00b204e9800998ecf8427e/en_GB-1988229788/4528/eaa35c45b124c018e6c8bf70a069c3c2f63fd66d.9/5075/_/download/superbatch/js/batch.js:9428
[    3989ms] [LOG] tinyMce-autocomplete-settings-links initialising @ http://wiki.thaisamut.co.th/s/d41d8cd98f00b204e9800998ecf8427e/en_GB-1988229788/4528/eaa35c45b124c018e6c8bf70a069c3c2f63fd66d.9/5075/_/download/superbatch/js/batch.js:9428
[    3993ms] [LOG] tinyMce-autocomplete-settings-media initialising @ http://wiki.thaisamut.co.th/s/d41d8cd98f00b204e9800998ecf8427e/en_GB-1988229788/4528/eaa35c45b124c018e6c8bf70a069c3c2f63fd66d.9/5075/_/download/superbatch/js/batch.js:9428
[    3997ms] [LOG] tinyMce-autocomplete-settings-macro initialising @ http://wiki.thaisamut.co.th/s/d41d8cd98f00b204e9800998ecf8427e/en_GB-1988229788/4528/eaa35c45b124c018e6c8bf70a069c3c2f63fd66d.9/5075/_/download/superbatch/js/batch.js:9428
[    4058ms] [LOG] EditorLoader: Finished loading the editor template. @ http://wiki.thaisamut.co.th/s/d41d8cd98f00b204e9800998ecf8427e/en_GB-1988229788/4528/eaa35c45b124c018e6c8bf70a069c3c2f63fd66d.9/5075/_/download/superbatch/js/batch.js:9428
[    4060ms] [LOG] EditorLoader: Finished loading the editor. @ http://wiki.thaisamut.co.th/s/d41d8cd98f00b204e9800998ecf8427e/en_GB-1988229788/4528/eaa35c45b124c018e6c8bf70a069c3c2f63fd66d.9/5075/_/download/superbatch/js/batch.js:9428
[    4062ms] [LOG] EditorLoader: all 'after load' callbacks have been called. @ http://wiki.thaisamut.co.th/s/d41d8cd98f00b204e9800998ecf8427e/en_GB-1988229788/4528/eaa35c45b124c018e6c8bf70a069c3c2f63fd66d.9/5075/_/download/superbatch/js/batch.js:9428
[    4066ms] [LOG] AJS.MacroBrowser.loadModel - starting @ http://wiki.thaisamut.co.th/s/d41d8cd98f00b204e9800998ecf8427e/en_GB-1988229788/4528/eaa35c45b124c018e6c8bf70a069c3c2f63fd66d.9/5075/_/download/superbatch/js/batch.js:9428
[    4068ms] [LOG] AJS.MacroBrowser.loadModel - complete, 91 macros loaded @ http://wiki.thaisamut.co.th/s/d41d8cd98f00b204e9800998ecf8427e/en_GB-1988229788/4528/eaa35c45b124c018e6c8bf70a069c3c2f63fd66d.9/5075/_/download/superbatch/js/batch.js:9428
[  359768ms] A listener indicated an asynchronous response by returning true, but the message channel closed before a response was received
